<?xml version="1.0" encoding="UTF-8"?>
<!-- Generated by org.testng.reporters.JUnitXMLReporter -->
<testsuite hostname="192.168.1.7" ignored="0" name="Test" tests="4" failures="0" timestamp="16 Apr 2018 15:31:08 GMT" time="0.093" errors="0">
  <testcase name="androidApps" time="0.018" classname="qaclickacademy.MavenJava.AppiumTest"/>
  <testcase name="iosApps" time="0.003" classname="qaclickacademy.MavenJava.AppiumTest"/>
  <testcase name="deleteTwitter" time="0.003" classname="qaclickacademy.MavenJava.RESTAPITest"/>
  <testcase name="postJira" time="0.007" classname="qaclickacademy.MavenJava.RESTAPITest"/>
</testsuite> <!-- Test -->
