<?xml version="1.0" encoding="UTF-8"?>
<testng-results skipped="0" failed="0" ignored="0" total="4" passed="4">
  <reporter-output>
  </reporter-output>
  <suite name="Suite" duration-ms="93" started-at="2018-04-16T15:31:08Z" finished-at="2018-04-16T15:31:08Z">
    <groups>
    </groups>
    <test name="Test" duration-ms="93" started-at="2018-04-16T15:31:08Z" finished-at="2018-04-16T15:31:08Z">
      <class name="qaclickacademy.MavenJava.RESTAPITest">
        <test-method status="PASS" signature="deleteTwitter()[pri:0, instance:qaclickacademy.MavenJava.RESTAPITest@59f99ea]" name="deleteTwitter" duration-ms="3" started-at="2018-04-16T15:31:08Z" finished-at="2018-04-16T15:31:08Z">
          <reporter-output>
          </reporter-output>
        </test-method> <!-- deleteTwitter -->
        <test-method status="PASS" signature="postJira()[pri:0, instance:qaclickacademy.MavenJava.RESTAPITest@59f99ea]" name="postJira" duration-ms="7" started-at="2018-04-16T15:31:08Z" finished-at="2018-04-16T15:31:08Z">
          <reporter-output>
          </reporter-output>
        </test-method> <!-- postJira -->
      </class> <!-- qaclickacademy.MavenJava.RESTAPITest -->
      <class name="qaclickacademy.MavenJava.AppiumTest">
        <test-method status="PASS" signature="androidApps()[pri:0, instance:qaclickacademy.MavenJava.AppiumTest@ae45eb6]" name="androidApps" duration-ms="18" started-at="2018-04-16T15:31:08Z" finished-at="2018-04-16T15:31:08Z">
          <reporter-output>
          </reporter-output>
        </test-method> <!-- androidApps -->
        <test-method status="PASS" signature="iosApps()[pri:0, instance:qaclickacademy.MavenJava.AppiumTest@ae45eb6]" name="iosApps" duration-ms="3" started-at="2018-04-16T15:31:08Z" finished-at="2018-04-16T15:31:08Z">
          <reporter-output>
          </reporter-output>
        </test-method> <!-- iosApps -->
      </class> <!-- qaclickacademy.MavenJava.AppiumTest -->
    </test> <!-- Test -->
  </suite> <!-- Suite -->
</testng-results>
